<?xml version="1.0" encoding="UTF-8"?>
<!-- Generated by org.testng.reporters.JUnitXMLReporter -->
<testsuite ignored="0" hostname="ATMECSBLRLT-090" failures="0" tests="8" name="Test Jira API" time="8.343" errors="0" timestamp="2023-05-28T18:58:21 IST">
  <testcase classname="com.jira.api.testscript.JiraApiTest" name="verifyLogin" time="4.19"/>
  <testcase classname="com.jira.api.testscript.JiraApiTest" name="verifyCreateIssue" time="0.449"/>
  <testcase classname="com.jira.api.testscript.JiraApiTest" name="verifyAddComment" time="1.568"/>
  <testcase classname="com.jira.api.testscript.JiraApiTest" name="verifyGetIssueApi" time="1.275"/>
  <testcase classname="com.jira.api.testscript.JiraApiTest" name="verifyUpdateCommentApi" time="0.183"/>
  <testcase classname="com.jira.api.testscript.JiraApiTest" name="verifyGetCommentApi" time="0.162"/>
  <testcase classname="com.jira.api.testscript.JiraApiTest" name="verifyDeleteCommentApi" time="0.111"/>
  <testcase classname="com.jira.api.testscript.JiraApiTest" name="verifyDeleteIssueApi" time="0.275"/>
</testsuite> <!-- Test Jira API -->
