<?xml version="1.0" encoding="UTF-8"?>
<!-- Generated by org.testng.reporters.JUnitXMLReporter -->
<testsuite ignored="0" hostname="ATMECSBLRLT-090" failures="0" tests="5" name="Test Jira API" time="6.285" errors="0" timestamp="2023-05-29T23:12:36 IST">
  <testcase classname="com.jira.api.testscript.JiraApiTest" name="verifyLogin" time="2.737"/>
  <testcase classname="com.jira.api.testscript.JiraApiTest" name="verifyIssue" time="1.273"/>
  <testcase classname="com.jira.api.testscript.JiraApiTest" name="verifyComment" time="1.703"/>
  <testcase classname="com.jira.api.testscript.JiraApiTest" name="verifyFilterApi" time="0.156"/>
  <testcase classname="com.jira.api.testscript.JiraApiTest" name="verifyNegativeTest" time="0.336"/>
</testsuite> <!-- Test Jira API -->
