<?xml version="1.0" encoding="UTF-8"?>
<testng-results ignored="0" total="5" passed="5" failed="0" skipped="0">
  <reporter-output>
  </reporter-output>
  <suite started-at="2023-05-31T11:09:43 IST" name="Suite" finished-at="2023-05-31T11:09:57 IST" duration-ms="13779">
    <groups>
    </groups>
    <test started-at="2023-05-31T11:09:43 IST" name="Test Jira API" finished-at="2023-05-31T11:09:57 IST" duration-ms="13779">
      <class name="com.jira.api.testscript.JiraApiTest">
        <test-method is-config="true" signature="beforeSuite()[pri:0, instance:com.jira.api.testscript.JiraApiTest@6aaceffd]" started-at="2023-05-31T11:09:42 IST" name="beforeSuite" finished-at="2023-05-31T11:09:43 IST" duration-ms="374" status="PASS">
          <reporter-output>
          </reporter-output>
        </test-method> <!-- beforeSuite -->
        <test-method is-config="true" signature="beforeMethod(java.lang.reflect.Method)[pri:0, instance:com.jira.api.testscript.JiraApiTest@6aaceffd]" started-at="2023-05-31T11:09:43 IST" name="beforeMethod" finished-at="2023-05-31T11:09:43 IST" duration-ms="6" status="PASS">
          <params>
            <param index="0">
              <value>
                <![CDATA[public void com.jira.api.testscript.JiraApiTest.verifyLoginApiTest()]]>
              </value>
            </param>
          </params>
          <reporter-output>
          </reporter-output>
        </test-method> <!-- beforeMethod -->
        <test-method signature="verifyLoginApiTest()[pri:0, instance:com.jira.api.testscript.JiraApiTest@6aaceffd]" started-at="2023-05-31T11:09:43 IST" name="verifyLoginApiTest" finished-at="2023-05-31T11:09:46 IST" duration-ms="3461" status="PASS">
          <reporter-output>
          </reporter-output>
        </test-method> <!-- verifyLoginApiTest -->
        <test-method is-config="true" signature="afterMethod()[pri:0, instance:com.jira.api.testscript.JiraApiTest@6aaceffd]" started-at="2023-05-31T11:09:46 IST" name="afterMethod" finished-at="2023-05-31T11:09:46 IST" duration-ms="3" status="PASS">
          <reporter-output>
          </reporter-output>
        </test-method> <!-- afterMethod -->
        <test-method is-config="true" signature="beforeMethod(java.lang.reflect.Method)[pri:0, instance:com.jira.api.testscript.JiraApiTest@6aaceffd]" started-at="2023-05-31T11:09:46 IST" name="beforeMethod" finished-at="2023-05-31T11:09:46 IST" duration-ms="0" status="PASS">
          <params>
            <param index="0">
              <value>
                <![CDATA[public void com.jira.api.testscript.JiraApiTest.verifyIssueApiTest()]]>
              </value>
            </param>
          </params>
          <reporter-output>
          </reporter-output>
        </test-method> <!-- beforeMethod -->
        <test-method signature="verifyIssueApiTest()[pri:1, instance:com.jira.api.testscript.JiraApiTest@6aaceffd]" started-at="2023-05-31T11:09:46 IST" name="verifyIssueApiTest" finished-at="2023-05-31T11:09:51 IST" duration-ms="4189" status="PASS">
          <reporter-output>
          </reporter-output>
        </test-method> <!-- verifyIssueApiTest -->
        <test-method is-config="true" signature="afterMethod()[pri:0, instance:com.jira.api.testscript.JiraApiTest@6aaceffd]" started-at="2023-05-31T11:09:51 IST" name="afterMethod" finished-at="2023-05-31T11:09:51 IST" duration-ms="1" status="PASS">
          <reporter-output>
          </reporter-output>
        </test-method> <!-- afterMethod -->
        <test-method signature="verifyCommentApiTest()[pri:2, instance:com.jira.api.testscript.JiraApiTest@6aaceffd]" started-at="2023-05-31T11:09:51 IST" name="verifyCommentApiTest" finished-at="2023-05-31T11:09:56 IST" duration-ms="5097" status="PASS">
          <reporter-output>
          </reporter-output>
        </test-method> <!-- verifyCommentApiTest -->
        <test-method is-config="true" signature="beforeMethod(java.lang.reflect.Method)[pri:0, instance:com.jira.api.testscript.JiraApiTest@6aaceffd]" started-at="2023-05-31T11:09:51 IST" name="beforeMethod" finished-at="2023-05-31T11:09:51 IST" duration-ms="0" status="PASS">
          <params>
            <param index="0">
              <value>
                <![CDATA[public void com.jira.api.testscript.JiraApiTest.verifyCommentApiTest()]]>
              </value>
            </param>
          </params>
          <reporter-output>
          </reporter-output>
        </test-method> <!-- beforeMethod -->
        <test-method is-config="true" signature="afterMethod()[pri:0, instance:com.jira.api.testscript.JiraApiTest@6aaceffd]" started-at="2023-05-31T11:09:56 IST" name="afterMethod" finished-at="2023-05-31T11:09:56 IST" duration-ms="1" status="PASS">
          <reporter-output>
          </reporter-output>
        </test-method> <!-- afterMethod -->
        <test-method is-config="true" signature="beforeMethod(java.lang.reflect.Method)[pri:0, instance:com.jira.api.testscript.JiraApiTest@6aaceffd]" started-at="2023-05-31T11:09:56 IST" name="beforeMethod" finished-at="2023-05-31T11:09:56 IST" duration-ms="1" status="PASS">
          <params>
            <param index="0">
              <value>
                <![CDATA[public void com.jira.api.testscript.JiraApiTest.verifyFilterApiTest()]]>
              </value>
            </param>
          </params>
          <reporter-output>
          </reporter-output>
        </test-method> <!-- beforeMethod -->
        <test-method signature="verifyFilterApiTest()[pri:3, instance:com.jira.api.testscript.JiraApiTest@6aaceffd]" started-at="2023-05-31T11:09:56 IST" name="verifyFilterApiTest" finished-at="2023-05-31T11:09:56 IST" duration-ms="327" status="PASS">
          <reporter-output>
          </reporter-output>
        </test-method> <!-- verifyFilterApiTest -->
        <test-method is-config="true" signature="afterMethod()[pri:0, instance:com.jira.api.testscript.JiraApiTest@6aaceffd]" started-at="2023-05-31T11:09:56 IST" name="afterMethod" finished-at="2023-05-31T11:09:56 IST" duration-ms="1" status="PASS">
          <reporter-output>
          </reporter-output>
        </test-method> <!-- afterMethod -->
        <test-method is-config="true" signature="beforeMethod(java.lang.reflect.Method)[pri:0, instance:com.jira.api.testscript.JiraApiTest@6aaceffd]" started-at="2023-05-31T11:09:56 IST" name="beforeMethod" finished-at="2023-05-31T11:09:56 IST" duration-ms="1" status="PASS">
          <params>
            <param index="0">
              <value>
                <![CDATA[public void com.jira.api.testscript.JiraApiTest.verifyNegativeTest()]]>
              </value>
            </param>
          </params>
          <reporter-output>
          </reporter-output>
        </test-method> <!-- beforeMethod -->
        <test-method signature="verifyNegativeTest()[pri:4, instance:com.jira.api.testscript.JiraApiTest@6aaceffd]" started-at="2023-05-31T11:09:56 IST" name="verifyNegativeTest" finished-at="2023-05-31T11:09:57 IST" duration-ms="642" status="PASS">
          <reporter-output>
          </reporter-output>
        </test-method> <!-- verifyNegativeTest -->
        <test-method is-config="true" signature="afterMethod()[pri:0, instance:com.jira.api.testscript.JiraApiTest@6aaceffd]" started-at="2023-05-31T11:09:57 IST" name="afterMethod" finished-at="2023-05-31T11:09:57 IST" duration-ms="0" status="PASS">
          <reporter-output>
          </reporter-output>
        </test-method> <!-- afterMethod -->
        <test-method is-config="true" signature="afterClass()[pri:0, instance:com.jira.api.testscript.JiraApiTest@6aaceffd]" started-at="2023-05-31T11:09:57 IST" name="afterClass" finished-at="2023-05-31T11:09:57 IST" duration-ms="554" status="PASS">
          <reporter-output>
          </reporter-output>
        </test-method> <!-- afterClass -->
      </class> <!-- com.jira.api.testscript.JiraApiTest -->
    </test> <!-- Test Jira API -->
  </suite> <!-- Suite -->
  <suite started-at="2023-05-31T11:09:58 IST" name="TestNGLauncher" finished-at="2023-05-31T11:09:58 IST" duration-ms="0">
    <groups>
    </groups>
  </suite> <!-- TestNGLauncher -->
</testng-results>
